# JRE version: OpenJDK Runtime Environment (8.0_212-b04) (build 1.8.0_212-release-1586-b04)
# Java VM: OpenJDK 64-Bit Server VM (25.212-b04 mixed mode windows-amd64 compressed oops)
Heap:
 PSYoungGen      total 180736K, used 161481K [0x00000000e0000000, 0x00000000edd80000, 0x0000000100000000)
  eden space 160256K, 93% used [0x00000000e0000000,0x00000000e929fd78,0x00000000e9c80000)
  from space 20480K, 55% used [0x00000000e9c80000,0x00000000ea7926a0,0x00000000eb080000)
  to   space 20480K, 0% used [0x00000000ec980000,0x00000000ec980000,0x00000000edd80000)
 ParOldGen       total 102400K, used 57669K [0x00000000a0000000, 0x00000000a6400000, 0x00000000e0000000)
  object space 102400K, 56% used [0x00000000a0000000,0x00000000a3851438,0x00000000a6400000)
 Metaspace       used 90654K, capacity 95603K, committed 95872K, reserved 1132544K
  class space    used 11925K, capacity 12910K, committed 12928K, reserved 1048576K
GC Heap History (10 events):
Event: 109.011 GC heap before
{Heap before GC invocations=22 (full 3):
 PSYoungGen      total 140800K, used 140787K [0x00000000e0000000, 0x00000000eae80000, 0x0000000100000000)
  eden space 126976K, 100% used [0x00000000e0000000,0x00000000e7c00000,0x00000000e7c00000)
  from space 13824K, 99% used [0x00000000e8e80000,0x00000000e9bfcf60,0x00000000e9c00000)
  to   space 18944K, 0% used [0x00000000e7c00000,0x00000000e7c00000,0x00000000e8e80000)
 ParOldGen       total 102400K, used 46402K [0x00000000a0000000, 0x00000000a6400000, 0x00000000e0000000)
  object space 102400K, 45% used [0x00000000a0000000,0x00000000a2d509f8,0x00000000a6400000)
 Metaspace       used 72855K, capacity 75639K, committed 75904K, reserved 1114112K
  class space    used 9670K, capacity 10262K, committed 10368K, reserved 1048576K
Event: 109.030 GC heap after
Heap after GC invocations=22 (full 3):
 PSYoungGen      total 145920K, used 7120K [0x00000000e0000000, 0x00000000eae80000, 0x0000000100000000)
  eden space 126976K, 0% used [0x00000000e0000000,0x00000000e0000000,0x00000000e7c00000)
  from space 18944K, 37% used [0x00000000e7c00000,0x00000000e82f40f0,0x00000000e8e80000)
  to   space 18432K, 0% used [0x00000000e9c80000,0x00000000e9c80000,0x00000000eae80000)
 ParOldGen       total 102400K, used 51705K [0x00000000a0000000, 0x00000000a6400000, 0x00000000e0000000)
  object space 102400K, 50% used [0x00000000a0000000,0x00000000a327e628,0x00000000a6400000)
 Metaspace       used 72855K, capacity 75639K, committed 75904K, reserved 1114112K
  class space    used 9670K, capacity 10262K, committed 10368K, reserved 1048576K
}
Event: 110.369 GC heap before
{Heap before GC invocations=23 (full 3):
 PSYoungGen      total 145920K, used 134096K [0x00000000e0000000, 0x00000000eae80000, 0x0000000100000000)
  eden space 126976K, 100% used [0x00000000e0000000,0x00000000e7c00000,0x00000000e7c00000)
  from space 18944K, 37% used [0x00000000e7c00000,0x00000000e82f40f0,0x00000000e8e80000)
  to   space 18432K, 0% used [0x00000000e9c80000,0x00000000e9c80000,0x00000000eae80000)
 ParOldGen       total 102400K, used 51705K [0x00000000a0000000, 0x00000000a6400000, 0x00000000e0000000)
  object space 102400K, 50% used [0x00000000a0000000,0x00000000a327e628,0x00000000a6400000)
 Metaspace       used 81288K, capacity 85335K, committed 85632K, reserved 1122304K
  class space    used 10930K, capacity 11784K, committed 11904K, reserved 1048576K
Event: 110.413 GC heap after
Heap after GC invocations=23 (full 3):
 PSYoungGen      total 157696K, used 18430K [0x00000000e0000000, 0x00000000ebb00000, 0x0000000100000000)
  eden space 139264K, 0% used [0x00000000e0000000,0x00000000e0000000,0x00000000e8800000)
  from space 18432K, 99% used [0x00000000e9c80000,0x00000000eae7faa8,0x00000000eae80000)
  to   space 20992K, 0% used [0x00000000e8800000,0x00000000e8800000,0x00000000e9c80000)
 ParOldGen       total 102400K, used 52079K [0x00000000a0000000, 0x00000000a6400000, 0x00000000e0000000)
  object space 102400K, 50% used [0x00000000a0000000,0x00000000a32dbc78,0x00000000a6400000)
 Metaspace       used 81288K, capacity 85335K, committed 85632K, reserved 1122304K
  class space    used 10930K, capacity 11784K, committed 11904K, reserved 1048576K
}
Event: 111.626 GC heap before
{Heap before GC invocations=24 (full 3):
 PSYoungGen      total 157696K, used 157694K [0x00000000e0000000, 0x00000000ebb00000, 0x0000000100000000)
  eden space 139264K, 100% used [0x00000000e0000000,0x00000000e8800000,0x00000000e8800000)
  from space 18432K, 99% used [0x00000000e9c80000,0x00000000eae7faa8,0x00000000eae80000)
  to   space 20992K, 0% used [0x00000000e8800000,0x00000000e8800000,0x00000000e9c80000)
 ParOldGen       total 102400K, used 52079K [0x00000000a0000000, 0x00000000a6400000, 0x00000000e0000000)
  object space 102400K, 50% used [0x00000000a0000000,0x00000000a32dbc78,0x00000000a6400000)
 Metaspace       used 82205K, capacity 86371K, committed 86400K, reserved 1124352K
  class space    used 11053K, capacity 11896K, committed 11904K, reserved 1048576K
Event: 111.640 GC heap after
Heap after GC invocations=24 (full 3):
 PSYoungGen      total 160256K, used 1088K [0x00000000e0000000, 0x00000000ec980000, 0x0000000100000000)
  eden space 139264K, 0% used [0x00000000e0000000,0x00000000e0000000,0x00000000e8800000)
  from space 20992K, 5% used [0x00000000e8800000,0x00000000e8910000,0x00000000e9c80000)
  to   space 21504K, 0% used [0x00000000eb480000,0x00000000eb480000,0x00000000ec980000)
 ParOldGen       total 102400K, used 57653K [0x00000000a0000000, 0x00000000a6400000, 0x00000000e0000000)
  object space 102400K, 56% used [0x00000000a0000000,0x00000000a384d438,0x00000000a6400000)
 Metaspace       used 82205K, capacity 86371K, committed 86400K, reserved 1124352K
  class space    used 11053K, capacity 11896K, committed 11904K, reserved 1048576K
}
Event: 116.345 GC heap before
{Heap before GC invocations=25 (full 3):
 PSYoungGen      total 160256K, used 140352K [0x00000000e0000000, 0x00000000ec980000, 0x0000000100000000)
  eden space 139264K, 100% used [0x00000000e0000000,0x00000000e8800000,0x00000000e8800000)
  from space 20992K, 5% used [0x00000000e8800000,0x00000000e8910000,0x00000000e9c80000)
  to   space 21504K, 0% used [0x00000000eb480000,0x00000000eb480000,0x00000000ec980000)
 ParOldGen       total 102400K, used 57653K [0x00000000a0000000, 0x00000000a6400000, 0x00000000e0000000)
  object space 102400K, 56% used [0x00000000a0000000,0x00000000a384d438,0x00000000a6400000)
 Metaspace       used 86479K, capacity 91243K, committed 91520K, reserved 1128448K
  class space    used 11688K, capacity 12616K, committed 12672K, reserved 1048576K
Event: 116.355 GC heap after
Heap after GC invocations=25 (full 3):
 PSYoungGen      total 176640K, used 7135K [0x00000000e0000000, 0x00000000ec480000, 0x0000000100000000)
  eden space 160256K, 0% used [0x00000000e0000000,0x00000000e0000000,0x00000000e9c80000)
  from space 16384K, 43% used [0x00000000eb480000,0x00000000ebb77c00,0x00000000ec480000)
  to   space 20480K, 0% used [0x00000000e9c80000,0x00000000e9c80000,0x00000000eb080000)
 ParOldGen       total 102400K, used 57661K [0x00000000a0000000, 0x00000000a6400000, 0x00000000e0000000)
  object space 102400K, 56% used [0x00000000a0000000,0x00000000a384f438,0x00000000a6400000)
 Metaspace       used 86479K, capacity 91243K, committed 91520K, reserved 1128448K
  class space    used 11688K, capacity 12616K, committed 12672K, reserved 1048576K
}
Event: 407.962 GC heap before
{Heap before GC invocations=26 (full 3):
 PSYoungGen      total 176640K, used 167391K [0x00000000e0000000, 0x00000000ec480000, 0x0000000100000000)
  eden space 160256K, 100% used [0x00000000e0000000,0x00000000e9c80000,0x00000000e9c80000)
  from space 16384K, 43% used [0x00000000eb480000,0x00000000ebb77c00,0x00000000ec480000)
  to   space 20480K, 0% used [0x00000000e9c80000,0x00000000e9c80000,0x00000000eb080000)
 ParOldGen       total 102400K, used 57661K [0x00000000a0000000, 0x00000000a6400000, 0x00000000e0000000)
  object space 102400K, 56% used [0x00000000a0000000,0x00000000a384f438,0x00000000a6400000)
 Metaspace       used 90145K, capacity 94939K, committed 95104K, reserved 1132544K
  class space    used 11887K, capacity 12842K, committed 12928K, reserved 1048576K
Event: 412.283 GC heap after
Heap after GC invocations=26 (full 3):
 PSYoungGen      total 180736K, used 11337K [0x00000000e0000000, 0x00000000edd80000, 0x0000000100000000)
  eden space 160256K, 0% used [0x00000000e0000000,0x00000000e0000000,0x00000000e9c80000)
  from space 20480K, 55% used [0x00000000e9c80000,0x00000000ea7926a0,0x00000000eb080000)
  to   space 20480K, 0% used [0x00000000ec980000,0x00000000ec980000,0x00000000edd80000)
 ParOldGen       total 102400K, used 57669K [0x00000000a0000000, 0x00000000a6400000, 0x00000000e0000000)
  object space 102400K, 56% used [0x00000000a0000000,0x00000000a3851438,0x00000000a6400000)
 Metaspace       used 90145K, capacity 94939K, committed 95104K, reserved 1132544K
  class space    used 11887K, capacity 12842K, committed 12928K, reserved 1048576K
}

